0 info it worked if it ends with ok
1 verbose cli [ '/home/ubuntu/.nvm/versions/node/v4.1.1/bin/node',
1 verbose cli   '/home/ubuntu/.nvm/versions/node/v4.1.1/bin/npm',
1 verbose cli   'install',
1 verbose cli   '--save',
1 verbose cli   'bodyParser' ]
2 info using npm@2.14.4
3 info using node@v4.1.1
4 verbose install initial load of /home/ubuntu/workspace/package.json
5 warn package.json surbay@1.0.0 No repository field.
6 verbose installManyTop reading scoped package data from /home/ubuntu/workspace/node_modules/angular-route/package.json
7 verbose installManyTop reading scoped package data from /home/ubuntu/workspace/node_modules/async/package.json
8 verbose installManyTop reading scoped package data from /home/ubuntu/workspace/node_modules/bcrypt-nodejs/package.json
9 verbose installManyTop reading scoped package data from /home/ubuntu/workspace/node_modules/body-parser/package.json
10 verbose installManyTop reading scoped package data from /home/ubuntu/workspace/node_modules/dotenv/package.json
11 verbose installManyTop reading scoped package data from /home/ubuntu/workspace/node_modules/express/package.json
12 verbose installManyTop reading scoped package data from /home/ubuntu/workspace/node_modules/express-session/package.json
13 verbose installManyTop reading scoped package data from /home/ubuntu/workspace/node_modules/mongodb/package.json
14 verbose installManyTop reading scoped package data from /home/ubuntu/workspace/node_modules/mongoose/package.json
15 verbose installManyTop reading scoped package data from /home/ubuntu/workspace/node_modules/npm/package.json
16 verbose installManyTop reading scoped package data from /home/ubuntu/workspace/node_modules/passport/package.json
17 verbose installManyTop reading scoped package data from /home/ubuntu/workspace/node_modules/passport-facebook/package.json
18 verbose installManyTop reading scoped package data from /home/ubuntu/workspace/node_modules/passport-github/package.json
19 verbose installManyTop reading scoped package data from /home/ubuntu/workspace/node_modules/passport-local/package.json
20 verbose installManyTop reading scoped package data from /home/ubuntu/workspace/node_modules/passport-twitter/package.json
21 verbose installManyTop reading scoped package data from /home/ubuntu/workspace/node_modules/socket.io/package.json
22 info package.json async@0.2.10 No license field.
23 info package.json bcrypt-nodejs@0.0.3 No license field.
24 info package.json passport-facebook@2.0.0 No license field.
25 info package.json passport-local@1.0.0 No license field.
26 info package.json passport-twitter@1.0.3 No license field.
27 info package.json passport-github@1.0.0 No license field.
28 info package.json socket.io@0.9.17 No license field.
29 verbose readDependencies loading dependencies from /home/ubuntu/workspace/package.json
30 silly cache add args [ 'bodyParser', null ]
31 verbose cache add spec bodyParser
32 silly cache add parsed spec Result {
32 silly cache add   raw: 'bodyParser',
32 silly cache add   scope: null,
32 silly cache add   name: 'bodyParser',
32 silly cache add   rawSpec: '',
32 silly cache add   spec: '*',
32 silly cache add   type: 'range' }
33 silly addNamed bodyParser@*
34 verbose addNamed "*" is a valid semver range for bodyParser
35 silly addNameRange { name: 'bodyParser', range: '*', hasData: false }
36 silly mapToRegistry name bodyParser
37 silly mapToRegistry using default registry
38 silly mapToRegistry registry https://registry.npmjs.org/
39 silly mapToRegistry uri https://registry.npmjs.org/bodyParser
40 verbose addNameRange registry:https://registry.npmjs.org/bodyParser not in flight; fetching
41 verbose request uri https://registry.npmjs.org/bodyParser
42 verbose request no auth needed
43 info attempt registry request try #1 at 9:12:06 AM
44 verbose request id 31fdb8c31878941a
45 http request GET https://registry.npmjs.org/bodyParser
46 http 404 https://registry.npmjs.org/bodyParser
47 verbose headers { 'content-type': 'application/json',
47 verbose headers   'cache-control': 'max-age=0',
47 verbose headers   'content-length': '2',
47 verbose headers   'accept-ranges': 'bytes',
47 verbose headers   date: 'Sun, 24 Jan 2016 09:12:06 GMT',
47 verbose headers   via: '1.1 varnish',
47 verbose headers   age: '0',
47 verbose headers   connection: 'keep-alive',
47 verbose headers   'x-served-by': 'cache-hkg6827-HKG',
47 verbose headers   'x-cache': 'MISS',
47 verbose headers   'x-cache-hits': '0',
47 verbose headers   'x-timer': 'S1453626726.493763,VS0,VE214' }
48 silly get cb [ 404,
48 silly get   { 'content-type': 'application/json',
48 silly get     'cache-control': 'max-age=0',
48 silly get     'content-length': '2',
48 silly get     'accept-ranges': 'bytes',
48 silly get     date: 'Sun, 24 Jan 2016 09:12:06 GMT',
48 silly get     via: '1.1 varnish',
48 silly get     age: '0',
48 silly get     connection: 'keep-alive',
48 silly get     'x-served-by': 'cache-hkg6827-HKG',
48 silly get     'x-cache': 'MISS',
48 silly get     'x-cache-hits': '0',
48 silly get     'x-timer': 'S1453626726.493763,VS0,VE214' } ]
49 verbose stack Error: Registry returned 404 for GET on https://registry.npmjs.org/bodyParser
49 verbose stack     at makeError (/home/ubuntu/.nvm/versions/node/v4.1.1/lib/node_modules/npm/node_modules/npm-registry-client/lib/request.js:263:12)
49 verbose stack     at CachingRegistryClient.<anonymous> (/home/ubuntu/.nvm/versions/node/v4.1.1/lib/node_modules/npm/node_modules/npm-registry-client/lib/request.js:241:14)
49 verbose stack     at Request._callback (/home/ubuntu/.nvm/versions/node/v4.1.1/lib/node_modules/npm/node_modules/npm-registry-client/lib/request.js:171:14)
49 verbose stack     at Request.self.callback (/home/ubuntu/.nvm/versions/node/v4.1.1/lib/node_modules/npm/node_modules/request/request.js:198:22)
49 verbose stack     at emitTwo (events.js:87:13)
49 verbose stack     at Request.emit (events.js:172:7)
49 verbose stack     at Request.<anonymous> (/home/ubuntu/.nvm/versions/node/v4.1.1/lib/node_modules/npm/node_modules/request/request.js:1073:14)
49 verbose stack     at emitOne (events.js:82:20)
49 verbose stack     at Request.emit (events.js:169:7)
49 verbose stack     at IncomingMessage.<anonymous> (/home/ubuntu/.nvm/versions/node/v4.1.1/lib/node_modules/npm/node_modules/request/request.js:1019:12)
50 verbose statusCode 404
51 verbose pkgid bodyParser
52 verbose cwd /home/ubuntu/workspace
53 error Linux 4.2.0-c9
54 error argv "/home/ubuntu/.nvm/versions/node/v4.1.1/bin/node" "/home/ubuntu/.nvm/versions/node/v4.1.1/bin/npm" "install" "--save" "bodyParser"
55 error node v4.1.1
56 error npm  v2.14.4
57 error code E404
58 error 404 Registry returned 404 for GET on https://registry.npmjs.org/bodyParser
58 error 404
58 error 404 'bodyParser' is not in the npm registry.
58 error 404 Your package name is not valid, because
58 error 404
58 error 404  1. name can no longer contain capital letters
58 error 404 It was specified as a dependency of 'surbay'
58 error 404
58 error 404 Note that you can also install from a
58 error 404 tarball, folder, http url, or git url.
59 verbose exit [ 1, true ]
